<?xml version="1.0" encoding="UTF-8"?>
<!-- Generated by org.testng.reporters.JUnitReportReporter -->
<testsuite hostname="IN-18VK1J3" failures="0" tests="1" name="Test.PostRequest" time="1.240" errors="0" timestamp="2023-07-22T16:27:41 IST" skipped="0">
  <testcase classname="Test.PostRequest" name="create" time="1.240"/>
  <system-out/>
</testsuite> <!-- Test.PostRequest -->
