<?xml version="1.0" encoding="UTF-8"?>
<!-- Generated by org.testng.reporters.JUnitReportReporter -->
<testsuite hostname="IN-18VK1J3" failures="0" tests="1" name="Test.DeleteRequest" time="1.171" errors="0" timestamp="2023-07-22T16:27:41 IST" skipped="0">
  <testcase classname="Test.DeleteRequest" name="delete" time="1.171"/>
  <system-out/>
</testsuite> <!-- Test.DeleteRequest -->
