<?xml version="1.0" encoding="UTF-8"?>
<!-- Generated by org.testng.reporters.JUnitReportReporter -->
<testsuite hostname="IN-18VK1J3" failures="0" tests="2" name="Test.GetRequest" time="2.793" errors="0" timestamp="2023-07-22T16:27:41 IST" skipped="0">
  <testcase classname="Test.GetRequest" name="getbooking" time="1.498"/>
  <system-out/>
  <testcase classname="Test.GetRequest" name="getbookingid" time="1.295"/>
  <system-out/>
</testsuite> <!-- Test.GetRequest -->
